18-01-2016 13:55:20 INFO  JTerminalOne:38 - Loading Environment - setting up connection.
18-01-2016 13:55:20 INFO  JTerminalOne:88 - Authenticating.
18-01-2016 13:55:20 INFO  Connection:64 - Target URL: https://t1sandbox.mediamath.com/api/v2.0/login
18-01-2016 13:55:23 INFO  Connection:84 - Response Status 200
18-01-2016 13:55:23 INFO  Connection:86 - buffer flag status true
18-01-2016 13:55:23 INFO  Connection:87 - Response Data{
   "entity" : {
      "name" : "nitesh.chauhan@xoriant.com",
      "id" : 13769,
      "type" : "user"
   },
   "session" : {
      "current_time" : "2016-01-18T08:25:23",
      "sessionid" : "940078291ea5f54552a9b4508a74af764a5eda5f",
      "expires" : "2016-01-19T08:25:23"
   },
   "status" : {
      "code" : "ok"
   }
}

18-01-2016 13:55:23 INFO  JTerminalOne:71 - map data====={status={code=ok}, session={expires=2016-01-19T08:25:23, current_time=2016-01-18T08:25:23, sessionid=940078291ea5f54552a9b4508a74af764a5eda5f}, entity={id=13769, name=nitesh.chauhan@xoriant.com, type=user}}
18-01-2016 13:55:23 INFO  Connection:98 - Target URL: https://t1sandbox.mediamath.com/api/v2.0/advertisers/154161
18-01-2016 13:55:24 INFO  Connection:113 - Response Status 200
18-01-2016 13:55:24 INFO  Connection:115 - buffer flag status true
18-01-2016 13:55:24 INFO  Connection:116 - Response Data{
   "etag" : "c0d9b1bd3e7404814cb0589b59dda1a5faea1c22",
   "entity" : {
      "prop" : [
         {
            "value" : "111718",
            "name" : "agency_id"
         },
         {
            "value" : "MAHOU - SMIGUEL",
            "name" : "name"
         },
         {
            "value" : "30",
            "name" : "vertical_id"
         },
         {
            "value" : "6",
            "name" : "ad_server_id"
         },
         {
            "value" : "0",
            "name" : "allow_x_strat_optimization"
         },
         {
            "value" : "1",
            "name" : "status"
         },
         {
            "value" : "2015-11-27T18:02:24",
            "name" : "created_on"
         },
         {
            "value" : "2015-11-27T18:02:24",
            "name" : "updated_on"
         },
         {
            "value" : "http://www.mahou-sanmiguel.com",
            "name" : "domain"
         },
         {
            "value" : "0",
            "name" : "minimize_multi_ads"
         },
         {
            "value" : "no-limit",
            "name" : "frequency_type"
         },
         {
            "value" : "not-applicable",
            "name" : "frequency_interval"
         },
         {
            "value" : "inherits",
            "name" : "dmp_enabled"
         }
      ],
      "version" : 0,
      "name" : "MAHOU - SMIGUEL",
      "id" : 154161,
      "type" : "advertiser"
   },
   "called_on" : "2016-01-18 08:25:24.411566+00",
   "status" : {
      "code" : "ok"
   }
}

18-01-2016 14:11:27 INFO  JTerminalOne:38 - Loading Environment - setting up connection.
18-01-2016 14:11:27 INFO  JTerminalOne:88 - Authenticating.
18-01-2016 14:11:27 INFO  Connection:64 - Target URL: https://t1sandbox.mediamath.com/api/v2.0/login
18-01-2016 14:11:29 INFO  Connection:84 - Response Status 200
18-01-2016 14:11:29 INFO  Connection:86 - buffer flag status true
18-01-2016 14:11:29 INFO  Connection:87 - Response Data{
   "entity" : {
      "name" : "nitesh.chauhan@xoriant.com",
      "id" : 13769,
      "type" : "user"
   },
   "session" : {
      "current_time" : "2016-01-18T08:41:29",
      "sessionid" : "e1daa7e1332805872711d7692661979b4f7021b4",
      "expires" : "2016-01-19T08:41:29"
   },
   "status" : {
      "code" : "ok"
   }
}

18-01-2016 14:11:29 INFO  JTerminalOne:71 - map data====={status={code=ok}, session={expires=2016-01-19T08:41:29, current_time=2016-01-18T08:41:29, sessionid=e1daa7e1332805872711d7692661979b4f7021b4}, entity={id=13769, name=nitesh.chauhan@xoriant.com, type=user}}
18-01-2016 14:11:29 INFO  Connection:98 - Target URL: https://t1sandbox.mediamath.com/api/v2.0/advertisers/154161
18-01-2016 14:11:30 INFO  Connection:114 - Response Status {
   "etag" : "c0d9b1bd3e7404814cb0589b59dda1a5faea1c22",
   "entity" : {
      "prop" : [
         {
            "value" : "111718",
            "name" : "agency_id"
         },
         {
            "value" : "MAHOU - SMIGUEL",
            "name" : "name"
         },
         {
            "value" : "30",
            "name" : "vertical_id"
         },
         {
            "value" : "6",
            "name" : "ad_server_id"
         },
         {
            "value" : "0",
            "name" : "allow_x_strat_optimization"
         },
         {
            "value" : "1",
            "name" : "status"
         },
         {
            "value" : "2015-11-27T18:02:24",
            "name" : "created_on"
         },
         {
            "value" : "2015-11-27T18:02:24",
            "name" : "updated_on"
         },
         {
            "value" : "http://www.mahou-sanmiguel.com",
            "name" : "domain"
         },
         {
            "value" : "0",
            "name" : "minimize_multi_ads"
         },
         {
            "value" : "no-limit",
            "name" : "frequency_type"
         },
         {
            "value" : "not-applicable",
            "name" : "frequency_interval"
         },
         {
            "value" : "inherits",
            "name" : "dmp_enabled"
         }
      ],
      "version" : 0,
      "name" : "MAHOU - SMIGUEL",
      "id" : 154161,
      "type" : "advertiser"
   },
   "called_on" : "2016-01-18 08:41:30.59143+00",
   "status" : {
      "code" : "ok"
   }
}

18-01-2016 14:12:11 INFO  JTerminalOne:38 - Loading Environment - setting up connection.
18-01-2016 14:12:11 INFO  JTerminalOne:88 - Authenticating.
18-01-2016 14:12:11 INFO  Connection:64 - Target URL: https://t1sandbox.mediamath.com/api/v2.0/login
18-01-2016 14:12:13 INFO  Connection:84 - Response Status 200
18-01-2016 14:12:13 INFO  Connection:86 - buffer flag status true
18-01-2016 14:12:13 INFO  Connection:87 - Response Data{
   "entity" : {
      "name" : "nitesh.chauhan@xoriant.com",
      "id" : 13769,
      "type" : "user"
   },
   "session" : {
      "current_time" : "2016-01-18T08:42:13",
      "sessionid" : "6597be61ad70b8184fcfc2406a58a41203ed8f3f",
      "expires" : "2016-01-19T08:42:13"
   },
   "status" : {
      "code" : "ok"
   }
}

18-01-2016 14:12:13 INFO  JTerminalOne:71 - map data====={status={code=ok}, session={expires=2016-01-19T08:42:13, current_time=2016-01-18T08:42:13, sessionid=6597be61ad70b8184fcfc2406a58a41203ed8f3f}, entity={id=13769, name=nitesh.chauhan@xoriant.com, type=user}}
18-01-2016 14:12:13 INFO  Connection:98 - Target URL: https://t1sandbox.mediamath.com/api/v2.0/advertisers/154161
18-01-2016 14:12:14 INFO  Connection:114 - Response Status {
   "etag" : "c0d9b1bd3e7404814cb0589b59dda1a5faea1c22",
   "entity" : {
      "prop" : [
         {
            "value" : "111718",
            "name" : "agency_id"
         },
         {
            "value" : "MAHOU - SMIGUEL",
            "name" : "name"
         },
         {
            "value" : "30",
            "name" : "vertical_id"
         },
         {
            "value" : "6",
            "name" : "ad_server_id"
         },
         {
            "value" : "0",
            "name" : "allow_x_strat_optimization"
         },
         {
            "value" : "1",
            "name" : "status"
         },
         {
            "value" : "2015-11-27T18:02:24",
            "name" : "created_on"
         },
         {
            "value" : "2015-11-27T18:02:24",
            "name" : "updated_on"
         },
         {
            "value" : "http://www.mahou-sanmiguel.com",
            "name" : "domain"
         },
         {
            "value" : "0",
            "name" : "minimize_multi_ads"
         },
         {
            "value" : "no-limit",
            "name" : "frequency_type"
         },
         {
            "value" : "not-applicable",
            "name" : "frequency_interval"
         },
         {
            "value" : "inherits",
            "name" : "dmp_enabled"
         }
      ],
      "version" : 0,
      "name" : "MAHOU - SMIGUEL",
      "id" : 154161,
      "type" : "advertiser"
   },
   "called_on" : "2016-01-18 08:42:14.932634+00",
   "status" : {
      "code" : "ok"
   }
}

18-01-2016 14:12:50 INFO  JTerminalOne:38 - Loading Environment - setting up connection.
18-01-2016 14:12:50 INFO  JTerminalOne:88 - Authenticating.
18-01-2016 14:12:50 INFO  Connection:64 - Target URL: https://t1sandbox.mediamath.com/api/v2.0/login
18-01-2016 14:12:52 INFO  Connection:84 - Response Status 200
18-01-2016 14:12:52 INFO  Connection:86 - buffer flag status true
18-01-2016 14:12:52 INFO  Connection:87 - Response Data{
   "entity" : {
      "name" : "nitesh.chauhan@xoriant.com",
      "id" : 13769,
      "type" : "user"
   },
   "session" : {
      "current_time" : "2016-01-18T08:42:52",
      "sessionid" : "ee35ab11b0c0cc2e643020ec21b04b5c35fe0c0f",
      "expires" : "2016-01-19T08:42:52"
   },
   "status" : {
      "code" : "ok"
   }
}

18-01-2016 14:12:52 INFO  JTerminalOne:71 - map data====={status={code=ok}, session={expires=2016-01-19T08:42:52, current_time=2016-01-18T08:42:52, sessionid=ee35ab11b0c0cc2e643020ec21b04b5c35fe0c0f}, entity={id=13769, name=nitesh.chauhan@xoriant.com, type=user}}
18-01-2016 14:12:52 INFO  Connection:98 - Target URL: https://t1sandbox.mediamath.com/api/v2.0/advertisers/154161
18-01-2016 14:12:54 INFO  Connection:114 - String Response Status {
   "etag" : "c0d9b1bd3e7404814cb0589b59dda1a5faea1c22",
   "entity" : {
      "prop" : [
         {
            "value" : "111718",
            "name" : "agency_id"
         },
         {
            "value" : "MAHOU - SMIGUEL",
            "name" : "name"
         },
         {
            "value" : "30",
            "name" : "vertical_id"
         },
         {
            "value" : "6",
            "name" : "ad_server_id"
         },
         {
            "value" : "0",
            "name" : "allow_x_strat_optimization"
         },
         {
            "value" : "1",
            "name" : "status"
         },
         {
            "value" : "2015-11-27T18:02:24",
            "name" : "created_on"
         },
         {
            "value" : "2015-11-27T18:02:24",
            "name" : "updated_on"
         },
         {
            "value" : "http://www.mahou-sanmiguel.com",
            "name" : "domain"
         },
         {
            "value" : "0",
            "name" : "minimize_multi_ads"
         },
         {
            "value" : "no-limit",
            "name" : "frequency_type"
         },
         {
            "value" : "not-applicable",
            "name" : "frequency_interval"
         },
         {
            "value" : "inherits",
            "name" : "dmp_enabled"
         }
      ],
      "version" : 0,
      "name" : "MAHOU - SMIGUEL",
      "id" : 154161,
      "type" : "advertiser"
   },
   "called_on" : "2016-01-18 08:42:54.063689+00",
   "status" : {
      "code" : "ok"
   }
}

18-01-2016 14:19:01 INFO  JTerminalOne:38 - Loading Environment - setting up connection.
18-01-2016 14:19:42 INFO  JTerminalOne:38 - Loading Environment - setting up connection.
18-01-2016 14:19:42 INFO  JTerminalOne:88 - Authenticating.
18-01-2016 14:19:42 INFO  Connection:64 - Target URL: https://t1sandbox.mediamath.com/api/v2.0/login
18-01-2016 14:19:45 INFO  Connection:83 - String Response Status {
   "entity" : {
      "name" : "nitesh.chauhan@xoriant.com",
      "id" : 13769,
      "type" : "user"
   },
   "session" : {
      "current_time" : "2016-01-18T08:49:44",
      "sessionid" : "f955f55cd364d6496a2df149130dffec390aa3c0",
      "expires" : "2016-01-19T08:49:44"
   },
   "status" : {
      "code" : "ok"
   }
}

18-01-2016 14:19:45 INFO  JTerminalOne:71 - map data====={status={code=ok}, session={expires=2016-01-19T08:49:44, current_time=2016-01-18T08:49:44, sessionid=f955f55cd364d6496a2df149130dffec390aa3c0}, entity={id=13769, name=nitesh.chauhan@xoriant.com, type=user}}
18-01-2016 14:19:45 INFO  Connection:100 - Target URL: https://t1sandbox.mediamath.com/api/v2.0/advertisers/154161
18-01-2016 14:19:46 INFO  Connection:116 - String Response Status {
   "etag" : "c0d9b1bd3e7404814cb0589b59dda1a5faea1c22",
   "entity" : {
      "prop" : [
         {
            "value" : "111718",
            "name" : "agency_id"
         },
         {
            "value" : "MAHOU - SMIGUEL",
            "name" : "name"
         },
         {
            "value" : "30",
            "name" : "vertical_id"
         },
         {
            "value" : "6",
            "name" : "ad_server_id"
         },
         {
            "value" : "0",
            "name" : "allow_x_strat_optimization"
         },
         {
            "value" : "1",
            "name" : "status"
         },
         {
            "value" : "2015-11-27T18:02:24",
            "name" : "created_on"
         },
         {
            "value" : "2015-11-27T18:02:24",
            "name" : "updated_on"
         },
         {
            "value" : "http://www.mahou-sanmiguel.com",
            "name" : "domain"
         },
         {
            "value" : "0",
            "name" : "minimize_multi_ads"
         },
         {
            "value" : "no-limit",
            "name" : "frequency_type"
         },
         {
            "value" : "not-applicable",
            "name" : "frequency_interval"
         },
         {
            "value" : "inherits",
            "name" : "dmp_enabled"
         }
      ],
      "version" : 0,
      "name" : "MAHOU - SMIGUEL",
      "id" : 154161,
      "type" : "advertiser"
   },
   "called_on" : "2016-01-18 08:49:46.206137+00",
   "status" : {
      "code" : "ok"
   }
}

18-01-2016 14:20:12 INFO  JTerminalOne:38 - Loading Environment - setting up connection.
18-01-2016 14:20:12 INFO  JTerminalOne:88 - Authenticating.
18-01-2016 14:20:12 INFO  Connection:64 - Target URL: https://t1sandbox.mediamath.com/api/v2.0/login
18-01-2016 14:20:15 INFO  Connection:83 - String Response Status {
   "entity" : {
      "name" : "nitesh.chauhan@xoriant.com",
      "id" : 13769,
      "type" : "user"
   },
   "session" : {
      "current_time" : "2016-01-18T08:50:14",
      "sessionid" : "f910d4994ff50c1c1e84ba6021ba938e18544801",
      "expires" : "2016-01-19T08:50:14"
   },
   "status" : {
      "code" : "ok"
   }
}

18-01-2016 14:20:15 INFO  JTerminalOne:71 - map data====={status={code=ok}, session={expires=2016-01-19T08:50:14, current_time=2016-01-18T08:50:14, sessionid=f910d4994ff50c1c1e84ba6021ba938e18544801}, entity={id=13769, name=nitesh.chauhan@xoriant.com, type=user}}
18-01-2016 14:20:15 INFO  Connection:100 - Target URL: https://t1sandbox.mediamath.com/api/v2.0/advertisers/154161
18-01-2016 14:20:16 INFO  Connection:116 - String Response Status {
   "etag" : "c0d9b1bd3e7404814cb0589b59dda1a5faea1c22",
   "entity" : {
      "prop" : [
         {
            "value" : "111718",
            "name" : "agency_id"
         },
         {
            "value" : "MAHOU - SMIGUEL",
            "name" : "name"
         },
         {
            "value" : "30",
            "name" : "vertical_id"
         },
         {
            "value" : "6",
            "name" : "ad_server_id"
         },
         {
            "value" : "0",
            "name" : "allow_x_strat_optimization"
         },
         {
            "value" : "1",
            "name" : "status"
         },
         {
            "value" : "2015-11-27T18:02:24",
            "name" : "created_on"
         },
         {
            "value" : "2015-11-27T18:02:24",
            "name" : "updated_on"
         },
         {
            "value" : "http://www.mahou-sanmiguel.com",
            "name" : "domain"
         },
         {
            "value" : "0",
            "name" : "minimize_multi_ads"
         },
         {
            "value" : "no-limit",
            "name" : "frequency_type"
         },
         {
            "value" : "not-applicable",
            "name" : "frequency_interval"
         },
         {
            "value" : "inherits",
            "name" : "dmp_enabled"
         }
      ],
      "version" : 0,
      "name" : "MAHOU - SMIGUEL",
      "id" : 154161,
      "type" : "advertiser"
   },
   "called_on" : "2016-01-18 08:50:16.16889+00",
   "status" : {
      "code" : "ok"
   }
}

18-01-2016 14:21:05 INFO  JTerminalOne:38 - Loading Environment - setting up connection.
18-01-2016 14:21:06 INFO  JTerminalOne:88 - Authenticating.
18-01-2016 14:21:06 INFO  Connection:64 - Target URL: https://t1sandbox.mediamath.com/api/v2.0/login
18-01-2016 14:21:08 INFO  Connection:83 - String Response Status {
   "entity" : {
      "name" : "nitesh.chauhan@xoriant.com",
      "id" : 13769,
      "type" : "user"
   },
   "session" : {
      "current_time" : "2016-01-18T08:51:08",
      "sessionid" : "e1d07fb08a19a4f67bb89bedd584872716e946b4",
      "expires" : "2016-01-19T08:51:08"
   },
   "status" : {
      "code" : "ok"
   }
}

18-01-2016 14:21:08 INFO  JTerminalOne:71 - map data====={status={code=ok}, session={expires=2016-01-19T08:51:08, current_time=2016-01-18T08:51:08, sessionid=e1d07fb08a19a4f67bb89bedd584872716e946b4}, entity={id=13769, name=nitesh.chauhan@xoriant.com, type=user}}
18-01-2016 14:21:08 INFO  Connection:100 - Target URL: https://t1sandbox.mediamath.com/api/v2.0/advertisers/154161
18-01-2016 14:21:09 INFO  Connection:116 - String Response Status {
   "etag" : "c0d9b1bd3e7404814cb0589b59dda1a5faea1c22",
   "entity" : {
      "prop" : [
         {
            "value" : "111718",
            "name" : "agency_id"
         },
         {
            "value" : "MAHOU - SMIGUEL",
            "name" : "name"
         },
         {
            "value" : "30",
            "name" : "vertical_id"
         },
         {
            "value" : "6",
            "name" : "ad_server_id"
         },
         {
            "value" : "0",
            "name" : "allow_x_strat_optimization"
         },
         {
            "value" : "1",
            "name" : "status"
         },
         {
            "value" : "2015-11-27T18:02:24",
            "name" : "created_on"
         },
         {
            "value" : "2015-11-27T18:02:24",
            "name" : "updated_on"
         },
         {
            "value" : "http://www.mahou-sanmiguel.com",
            "name" : "domain"
         },
         {
            "value" : "0",
            "name" : "minimize_multi_ads"
         },
         {
            "value" : "no-limit",
            "name" : "frequency_type"
         },
         {
            "value" : "not-applicable",
            "name" : "frequency_interval"
         },
         {
            "value" : "inherits",
            "name" : "dmp_enabled"
         }
      ],
      "version" : 0,
      "name" : "MAHOU - SMIGUEL",
      "id" : 154161,
      "type" : "advertiser"
   },
   "called_on" : "2016-01-18 08:51:09.434376+00",
   "status" : {
      "code" : "ok"
   }
}

18-01-2016 15:16:03 INFO  JTerminalOne:38 - Loading Environment - setting up connection.
18-01-2016 15:16:03 INFO  JTerminalOne:88 - Authenticating.
18-01-2016 15:16:03 INFO  Connection:63 - Target URL: https://t1sandbox.mediamath.com/api/v2.0/login
18-01-2016 15:16:05 INFO  Connection:82 - String Response Status {
   "entity" : {
      "name" : "nitesh.chauhan@xoriant.com",
      "id" : 13769,
      "type" : "user"
   },
   "session" : {
      "current_time" : "2016-01-18T09:46:05",
      "sessionid" : "860c84735fb7e971bb3e4b42f0dabb597f89b452",
      "expires" : "2016-01-19T09:46:05"
   },
   "status" : {
      "code" : "ok"
   }
}

18-01-2016 15:16:06 INFO  JTerminalOne:71 - map data====={status={code=ok}, session={expires=2016-01-19T09:46:05, current_time=2016-01-18T09:46:05, sessionid=860c84735fb7e971bb3e4b42f0dabb597f89b452}, entity={id=13769, name=nitesh.chauhan@xoriant.com, type=user}}
18-01-2016 15:16:06 INFO  Connection:99 - Target URL: https://t1sandbox.mediamath.com/api/v2.0/advertisers/154161
18-01-2016 15:16:07 INFO  Connection:115 - String Response Status {
   "etag" : "c0d9b1bd3e7404814cb0589b59dda1a5faea1c22",
   "entity" : {
      "prop" : [
         {
            "value" : "111718",
            "name" : "agency_id"
         },
         {
            "value" : "MAHOU - SMIGUEL",
            "name" : "name"
         },
         {
            "value" : "30",
            "name" : "vertical_id"
         },
         {
            "value" : "6",
            "name" : "ad_server_id"
         },
         {
            "value" : "0",
            "name" : "allow_x_strat_optimization"
         },
         {
            "value" : "1",
            "name" : "status"
         },
         {
            "value" : "2015-11-27T18:02:24",
            "name" : "created_on"
         },
         {
            "value" : "2015-11-27T18:02:24",
            "name" : "updated_on"
         },
         {
            "value" : "http://www.mahou-sanmiguel.com",
            "name" : "domain"
         },
         {
            "value" : "0",
            "name" : "minimize_multi_ads"
         },
         {
            "value" : "no-limit",
            "name" : "frequency_type"
         },
         {
            "value" : "not-applicable",
            "name" : "frequency_interval"
         },
         {
            "value" : "inherits",
            "name" : "dmp_enabled"
         }
      ],
      "version" : 0,
      "name" : "MAHOU - SMIGUEL",
      "id" : 154161,
      "type" : "advertiser"
   },
   "called_on" : "2016-01-18 09:46:07.105875+00",
   "status" : {
      "code" : "ok"
   }
}

18-01-2016 15:44:53 INFO  JTerminalOne:38 - Loading Environment - setting up connection.
18-01-2016 15:44:53 INFO  JTerminalOne:88 - Authenticating.
18-01-2016 15:44:54 INFO  Connection:66 - Target URL: https://t1sandbox.mediamath.com/api/v2.0/login
18-01-2016 15:44:56 INFO  Connection:85 - String Response Status {
   "entity" : {
      "name" : "nitesh.chauhan@xoriant.com",
      "id" : 13769,
      "type" : "user"
   },
   "session" : {
      "current_time" : "2016-01-18T10:14:56",
      "sessionid" : "d69a6583d86e894c8f735a4507c27be819d3d900",
      "expires" : "2016-01-19T10:14:56"
   },
   "status" : {
      "code" : "ok"
   }
}

18-01-2016 15:44:56 INFO  JTerminalOne:71 - map data====={status={code=ok}, session={expires=2016-01-19T10:14:56, current_time=2016-01-18T10:14:56, sessionid=d69a6583d86e894c8f735a4507c27be819d3d900}, entity={id=13769, name=nitesh.chauhan@xoriant.com, type=user}}
18-01-2016 15:44:56 INFO  Connection:102 - Target URL: https://t1sandbox.mediamath.com/api/v2.0/advertisers/154161
18-01-2016 15:44:57 INFO  Connection:121 - String Response Status {
   "etag" : "c0d9b1bd3e7404814cb0589b59dda1a5faea1c22",
   "entity" : {
      "prop" : [
         {
            "value" : "111718",
            "name" : "agency_id"
         },
         {
            "value" : "MAHOU - SMIGUEL",
            "name" : "name"
         },
         {
            "value" : "30",
            "name" : "vertical_id"
         },
         {
            "value" : "6",
            "name" : "ad_server_id"
         },
         {
            "value" : "0",
            "name" : "allow_x_strat_optimization"
         },
         {
            "value" : "1",
            "name" : "status"
         },
         {
            "value" : "2015-11-27T18:02:24",
            "name" : "created_on"
         },
         {
            "value" : "2015-11-27T18:02:24",
            "name" : "updated_on"
         },
         {
            "value" : "http://www.mahou-sanmiguel.com",
            "name" : "domain"
         },
         {
            "value" : "0",
            "name" : "minimize_multi_ads"
         },
         {
            "value" : "no-limit",
            "name" : "frequency_type"
         },
         {
            "value" : "not-applicable",
            "name" : "frequency_interval"
         },
         {
            "value" : "inherits",
            "name" : "dmp_enabled"
         }
      ],
      "version" : 0,
      "name" : "MAHOU - SMIGUEL",
      "id" : 154161,
      "type" : "advertiser"
   },
   "called_on" : "2016-01-18 10:14:57.385061+00",
   "status" : {
      "code" : "ok"
   }
}

18-01-2016 15:45:02 INFO  JTerminalOne:38 - Loading Environment - setting up connection.
18-01-2016 15:45:05 INFO  JTerminalOne:88 - Authenticating.
18-01-2016 15:45:05 INFO  Connection:66 - Target URL: https://t1sandbox.mediamath.com/api/v2.0/login
18-01-2016 15:45:08 INFO  Connection:85 - String Response Status {
   "entity" : {
      "name" : "nitesh.chauhan@xoriant.com",
      "id" : 13769,
      "type" : "user"
   },
   "session" : {
      "current_time" : "2016-01-18T10:15:07",
      "sessionid" : "2811c31581fe1dd973e9e2ca9a9b47b21e9722b3",
      "expires" : "2016-01-19T10:15:07"
   },
   "status" : {
      "code" : "ok"
   }
}

18-01-2016 15:45:19 INFO  JTerminalOne:71 - map data====={status={code=ok}, session={expires=2016-01-19T10:15:07, current_time=2016-01-18T10:15:07, sessionid=2811c31581fe1dd973e9e2ca9a9b47b21e9722b3}, entity={id=13769, name=nitesh.chauhan@xoriant.com, type=user}}
18-01-2016 15:45:22 INFO  Connection:102 - Target URL: https://t1sandbox.mediamath.com/api/v2.0/advertisers/154161
18-01-2016 15:45:43 INFO  Connection:121 - String Response Status {
   "etag" : "c0d9b1bd3e7404814cb0589b59dda1a5faea1c22",
   "entity" : {
      "prop" : [
         {
            "value" : "111718",
            "name" : "agency_id"
         },
         {
            "value" : "MAHOU - SMIGUEL",
            "name" : "name"
         },
         {
            "value" : "30",
            "name" : "vertical_id"
         },
         {
            "value" : "6",
            "name" : "ad_server_id"
         },
         {
            "value" : "0",
            "name" : "allow_x_strat_optimization"
         },
         {
            "value" : "1",
            "name" : "status"
         },
         {
            "value" : "2015-11-27T18:02:24",
            "name" : "created_on"
         },
         {
            "value" : "2015-11-27T18:02:24",
            "name" : "updated_on"
         },
         {
            "value" : "http://www.mahou-sanmiguel.com",
            "name" : "domain"
         },
         {
            "value" : "0",
            "name" : "minimize_multi_ads"
         },
         {
            "value" : "no-limit",
            "name" : "frequency_type"
         },
         {
            "value" : "not-applicable",
            "name" : "frequency_interval"
         },
         {
            "value" : "inherits",
            "name" : "dmp_enabled"
         }
      ],
      "version" : 0,
      "name" : "MAHOU - SMIGUEL",
      "id" : 154161,
      "type" : "advertiser"
   },
   "called_on" : "2016-01-18 10:15:27.135929+00",
   "status" : {
      "code" : "ok"
   }
}

18-01-2016 15:46:44 INFO  JTerminalOne:38 - Loading Environment - setting up connection.
18-01-2016 15:46:44 INFO  JTerminalOne:88 - Authenticating.
18-01-2016 15:46:44 INFO  Connection:67 - Target URL: https://t1sandbox.mediamath.com/api/v2.0/login
18-01-2016 15:46:46 INFO  Connection:86 - String Response Status {
   "entity" : {
      "name" : "nitesh.chauhan@xoriant.com",
      "id" : 13769,
      "type" : "user"
   },
   "session" : {
      "current_time" : "2016-01-18T10:16:46",
      "sessionid" : "0cedfeb6ac67cdc73fa15015c6afe2b13f871ed3",
      "expires" : "2016-01-19T10:16:46"
   },
   "status" : {
      "code" : "ok"
   }
}

18-01-2016 15:46:46 INFO  JTerminalOne:71 - map data====={status={code=ok}, session={expires=2016-01-19T10:16:46, current_time=2016-01-18T10:16:46, sessionid=0cedfeb6ac67cdc73fa15015c6afe2b13f871ed3}, entity={id=13769, name=nitesh.chauhan@xoriant.com, type=user}}
18-01-2016 15:46:46 INFO  Connection:103 - Target URL: https://t1sandbox.mediamath.com/api/v2.0/advertisers/154161
18-01-2016 15:47:22 INFO  Connection:124 - String Response Status {
   "etag" : "c0d9b1bd3e7404814cb0589b59dda1a5faea1c22",
   "entity" : {
      "prop" : [
         {
            "value" : "111718",
            "name" : "agency_id"
         },
         {
            "value" : "MAHOU - SMIGUEL",
            "name" : "name"
         },
         {
            "value" : "30",
            "name" : "vertical_id"
         },
         {
            "value" : "6",
            "name" : "ad_server_id"
         },
         {
            "value" : "0",
            "name" : "allow_x_strat_optimization"
         },
         {
            "value" : "1",
            "name" : "status"
         },
         {
            "value" : "2015-11-27T18:02:24",
            "name" : "created_on"
         },
         {
            "value" : "2015-11-27T18:02:24",
            "name" : "updated_on"
         },
         {
            "value" : "http://www.mahou-sanmiguel.com",
            "name" : "domain"
         },
         {
            "value" : "0",
            "name" : "minimize_multi_ads"
         },
         {
            "value" : "no-limit",
            "name" : "frequency_type"
         },
         {
            "value" : "not-applicable",
            "name" : "frequency_interval"
         },
         {
            "value" : "inherits",
            "name" : "dmp_enabled"
         }
      ],
      "version" : 0,
      "name" : "MAHOU - SMIGUEL",
      "id" : 154161,
      "type" : "advertiser"
   },
   "called_on" : "2016-01-18 10:16:47.799658+00",
   "status" : {
      "code" : "ok"
   }
}

18-01-2016 15:47:26 INFO  JTerminalOne:38 - Loading Environment - setting up connection.
18-01-2016 15:47:26 INFO  JTerminalOne:88 - Authenticating.
18-01-2016 15:47:26 INFO  Connection:67 - Target URL: https://t1sandbox.mediamath.com/api/v2.0/login
18-01-2016 15:47:28 INFO  Connection:86 - String Response Status {
   "entity" : {
      "name" : "nitesh.chauhan@xoriant.com",
      "id" : 13769,
      "type" : "user"
   },
   "session" : {
      "current_time" : "2016-01-18T10:17:28",
      "sessionid" : "7fb45db36510641b7ce34a93914140df993a980f",
      "expires" : "2016-01-19T10:17:28"
   },
   "status" : {
      "code" : "ok"
   }
}

18-01-2016 15:47:28 INFO  JTerminalOne:71 - map data====={status={code=ok}, session={expires=2016-01-19T10:17:28, current_time=2016-01-18T10:17:28, sessionid=7fb45db36510641b7ce34a93914140df993a980f}, entity={id=13769, name=nitesh.chauhan@xoriant.com, type=user}}
18-01-2016 15:47:28 INFO  Connection:103 - Target URL: https://t1sandbox.mediamath.com/api/v2.0/advertisers/154161
18-01-2016 15:47:29 INFO  Connection:124 - String Response Status {
   "etag" : "c0d9b1bd3e7404814cb0589b59dda1a5faea1c22",
   "entity" : {
      "prop" : [
         {
            "value" : "111718",
            "name" : "agency_id"
         },
         {
            "value" : "MAHOU - SMIGUEL",
            "name" : "name"
         },
         {
            "value" : "30",
            "name" : "vertical_id"
         },
         {
            "value" : "6",
            "name" : "ad_server_id"
         },
         {
            "value" : "0",
            "name" : "allow_x_strat_optimization"
         },
         {
            "value" : "1",
            "name" : "status"
         },
         {
            "value" : "2015-11-27T18:02:24",
            "name" : "created_on"
         },
         {
            "value" : "2015-11-27T18:02:24",
            "name" : "updated_on"
         },
         {
            "value" : "http://www.mahou-sanmiguel.com",
            "name" : "domain"
         },
         {
            "value" : "0",
            "name" : "minimize_multi_ads"
         },
         {
            "value" : "no-limit",
            "name" : "frequency_type"
         },
         {
            "value" : "not-applicable",
            "name" : "frequency_interval"
         },
         {
            "value" : "inherits",
            "name" : "dmp_enabled"
         }
      ],
      "version" : 0,
      "name" : "MAHOU - SMIGUEL",
      "id" : 154161,
      "type" : "advertiser"
   },
   "called_on" : "2016-01-18 10:17:29.558011+00",
   "status" : {
      "code" : "ok"
   }
}

18-01-2016 15:47:33 INFO  JTerminalOne:38 - Loading Environment - setting up connection.
18-01-2016 15:47:33 INFO  JTerminalOne:88 - Authenticating.
18-01-2016 15:47:33 INFO  Connection:67 - Target URL: https://t1sandbox.mediamath.com/api/v2.0/login
18-01-2016 15:47:35 INFO  Connection:86 - String Response Status {
   "entity" : {
      "name" : "nitesh.chauhan@xoriant.com",
      "id" : 13769,
      "type" : "user"
   },
   "session" : {
      "current_time" : "2016-01-18T10:17:35",
      "sessionid" : "f6ec9b46887c57c480b4a0b5947b655342ae19de",
      "expires" : "2016-01-19T10:17:35"
   },
   "status" : {
      "code" : "ok"
   }
}

18-01-2016 15:47:35 INFO  JTerminalOne:71 - map data====={status={code=ok}, session={expires=2016-01-19T10:17:35, current_time=2016-01-18T10:17:35, sessionid=f6ec9b46887c57c480b4a0b5947b655342ae19de}, entity={id=13769, name=nitesh.chauhan@xoriant.com, type=user}}
18-01-2016 15:47:35 INFO  Connection:103 - Target URL: https://t1sandbox.mediamath.com/api/v2.0/advertisers/154161
18-01-2016 15:48:52 INFO  Connection:124 - String Response Status {
   "etag" : "c0d9b1bd3e7404814cb0589b59dda1a5faea1c22",
   "entity" : {
      "prop" : [
         {
            "value" : "111718",
            "name" : "agency_id"
         },
         {
            "value" : "MAHOU - SMIGUEL",
            "name" : "name"
         },
         {
            "value" : "30",
            "name" : "vertical_id"
         },
         {
            "value" : "6",
            "name" : "ad_server_id"
         },
         {
            "value" : "0",
            "name" : "allow_x_strat_optimization"
         },
         {
            "value" : "1",
            "name" : "status"
         },
         {
            "value" : "2015-11-27T18:02:24",
            "name" : "created_on"
         },
         {
            "value" : "2015-11-27T18:02:24",
            "name" : "updated_on"
         },
         {
            "value" : "http://www.mahou-sanmiguel.com",
            "name" : "domain"
         },
         {
            "value" : "0",
            "name" : "minimize_multi_ads"
         },
         {
            "value" : "no-limit",
            "name" : "frequency_type"
         },
         {
            "value" : "not-applicable",
            "name" : "frequency_interval"
         },
         {
            "value" : "inherits",
            "name" : "dmp_enabled"
         }
      ],
      "version" : 0,
      "name" : "MAHOU - SMIGUEL",
      "id" : 154161,
      "type" : "advertiser"
   },
   "called_on" : "2016-01-18 10:17:36.659545+00",
   "status" : {
      "code" : "ok"
   }
}

18-01-2016 15:48:56 INFO  JTerminalOne:38 - Loading Environment - setting up connection.
18-01-2016 15:48:56 INFO  JTerminalOne:88 - Authenticating.
18-01-2016 15:48:56 INFO  Connection:68 - Target URL: https://t1sandbox.mediamath.com/api/v2.0/login
18-01-2016 15:48:59 INFO  Connection:87 - String Response Status {
   "entity" : {
      "name" : "nitesh.chauhan@xoriant.com",
      "id" : 13769,
      "type" : "user"
   },
   "session" : {
      "current_time" : "2016-01-18T10:18:58",
      "sessionid" : "38ebe0f9fd1ee60bde5ade5182a629d0fe414c27",
      "expires" : "2016-01-19T10:18:58"
   },
   "status" : {
      "code" : "ok"
   }
}

18-01-2016 15:48:59 INFO  JTerminalOne:71 - map data====={status={code=ok}, session={expires=2016-01-19T10:18:58, current_time=2016-01-18T10:18:58, sessionid=38ebe0f9fd1ee60bde5ade5182a629d0fe414c27}, entity={id=13769, name=nitesh.chauhan@xoriant.com, type=user}}
18-01-2016 15:48:59 INFO  Connection:104 - Target URL: https://t1sandbox.mediamath.com/api/v2.0/advertisers/154161
18-01-2016 15:49:55 INFO  JTerminalOne:38 - Loading Environment - setting up connection.
18-01-2016 15:49:55 INFO  JTerminalOne:88 - Authenticating.
18-01-2016 15:49:55 INFO  Connection:68 - Target URL: https://t1sandbox.mediamath.com/api/v2.0/login
18-01-2016 15:49:57 INFO  Connection:87 - String Response Status {
   "entity" : {
      "name" : "nitesh.chauhan@xoriant.com",
      "id" : 13769,
      "type" : "user"
   },
   "session" : {
      "current_time" : "2016-01-18T10:19:57",
      "sessionid" : "53210c52f5174d2aaeaa0e01d78d9a6995203aa3",
      "expires" : "2016-01-19T10:19:57"
   },
   "status" : {
      "code" : "ok"
   }
}

18-01-2016 15:49:57 INFO  JTerminalOne:71 - map data====={status={code=ok}, session={expires=2016-01-19T10:19:57, current_time=2016-01-18T10:19:57, sessionid=53210c52f5174d2aaeaa0e01d78d9a6995203aa3}, entity={id=13769, name=nitesh.chauhan@xoriant.com, type=user}}
18-01-2016 15:49:57 INFO  Connection:104 - Target URL: https://t1sandbox.mediamath.com/api/v2.0/advertisers/154161
18-01-2016 15:52:38 INFO  Connection:126 - String Response Status {
   "etag" : "c0d9b1bd3e7404814cb0589b59dda1a5faea1c22",
   "entity" : {
      "prop" : [
         {
            "value" : "111718",
            "name" : "agency_id"
         },
         {
            "value" : "MAHOU - SMIGUEL",
            "name" : "name"
         },
         {
            "value" : "30",
            "name" : "vertical_id"
         },
         {
            "value" : "6",
            "name" : "ad_server_id"
         },
         {
            "value" : "0",
            "name" : "allow_x_strat_optimization"
         },
         {
            "value" : "1",
            "name" : "status"
         },
         {
            "value" : "2015-11-27T18:02:24",
            "name" : "created_on"
         },
         {
            "value" : "2015-11-27T18:02:24",
            "name" : "updated_on"
         },
         {
            "value" : "http://www.mahou-sanmiguel.com",
            "name" : "domain"
         },
         {
            "value" : "0",
            "name" : "minimize_multi_ads"
         },
         {
            "value" : "no-limit",
            "name" : "frequency_type"
         },
         {
            "value" : "not-applicable",
            "name" : "frequency_interval"
         },
         {
            "value" : "inherits",
            "name" : "dmp_enabled"
         }
      ],
      "version" : 0,
      "name" : "MAHOU - SMIGUEL",
      "id" : 154161,
      "type" : "advertiser"
   },
   "called_on" : "2016-01-18 10:20:01.06638+00",
   "status" : {
      "code" : "ok"
   }
}

18-01-2016 15:52:43 INFO  JTerminalOne:38 - Loading Environment - setting up connection.
18-01-2016 15:52:43 INFO  JTerminalOne:88 - Authenticating.
18-01-2016 15:52:43 INFO  Connection:68 - Target URL: https://t1sandbox.mediamath.com/api/v2.0/login
18-01-2016 15:52:45 INFO  Connection:87 - String Response Status {
   "entity" : {
      "name" : "nitesh.chauhan@xoriant.com",
      "id" : 13769,
      "type" : "user"
   },
   "session" : {
      "current_time" : "2016-01-18T10:22:45",
      "sessionid" : "4376fe57c89e6cee8bf2cb0f84a21b9f5c3606e0",
      "expires" : "2016-01-19T10:22:45"
   },
   "status" : {
      "code" : "ok"
   }
}

18-01-2016 15:52:45 INFO  JTerminalOne:71 - map data====={status={code=ok}, session={expires=2016-01-19T10:22:45, current_time=2016-01-18T10:22:45, sessionid=4376fe57c89e6cee8bf2cb0f84a21b9f5c3606e0}, entity={id=13769, name=nitesh.chauhan@xoriant.com, type=user}}
18-01-2016 15:52:45 INFO  Connection:104 - Target URL: https://t1sandbox.mediamath.com/api/v2.0/advertisers/154161
18-01-2016 15:53:15 INFO  Connection:126 - String Response Status {
   "etag" : "c0d9b1bd3e7404814cb0589b59dda1a5faea1c22",
   "entity" : {
      "prop" : [
         {
            "value" : "111718",
            "name" : "agency_id"
         },
         {
            "value" : "MAHOU - SMIGUEL",
            "name" : "name"
         },
         {
            "value" : "30",
            "name" : "vertical_id"
         },
         {
            "value" : "6",
            "name" : "ad_server_id"
         },
         {
            "value" : "0",
            "name" : "allow_x_strat_optimization"
         },
         {
            "value" : "1",
            "name" : "status"
         },
         {
            "value" : "2015-11-27T18:02:24",
            "name" : "created_on"
         },
         {
            "value" : "2015-11-27T18:02:24",
            "name" : "updated_on"
         },
         {
            "value" : "http://www.mahou-sanmiguel.com",
            "name" : "domain"
         },
         {
            "value" : "0",
            "name" : "minimize_multi_ads"
         },
         {
            "value" : "no-limit",
            "name" : "frequency_type"
         },
         {
            "value" : "not-applicable",
            "name" : "frequency_interval"
         },
         {
            "value" : "inherits",
            "name" : "dmp_enabled"
         }
      ],
      "version" : 0,
      "name" : "MAHOU - SMIGUEL",
      "id" : 154161,
      "type" : "advertiser"
   },
   "called_on" : "2016-01-18 10:22:47.824334+00",
   "status" : {
      "code" : "ok"
   }
}

18-01-2016 15:53:17 INFO  JTerminalOne:38 - Loading Environment - setting up connection.
18-01-2016 15:53:17 INFO  JTerminalOne:88 - Authenticating.
18-01-2016 15:53:17 INFO  Connection:68 - Target URL: https://t1sandbox.mediamath.com/api/v2.0/login
18-01-2016 15:53:20 INFO  Connection:87 - String Response Status {
   "entity" : {
      "name" : "nitesh.chauhan@xoriant.com",
      "id" : 13769,
      "type" : "user"
   },
   "session" : {
      "current_time" : "2016-01-18T10:23:19",
      "sessionid" : "669a302a0724be939dd6838f8b09231b65bf8457",
      "expires" : "2016-01-19T10:23:19"
   },
   "status" : {
      "code" : "ok"
   }
}

18-01-2016 15:53:20 INFO  JTerminalOne:71 - map data====={status={code=ok}, session={expires=2016-01-19T10:23:19, current_time=2016-01-18T10:23:19, sessionid=669a302a0724be939dd6838f8b09231b65bf8457}, entity={id=13769, name=nitesh.chauhan@xoriant.com, type=user}}
18-01-2016 15:53:20 INFO  Connection:104 - Target URL: https://t1sandbox.mediamath.com/api/v2.0/advertisers/154161
18-01-2016 15:53:21 INFO  Connection:127 - String Response Status {
   "etag" : "c0d9b1bd3e7404814cb0589b59dda1a5faea1c22",
   "entity" : {
      "prop" : [
         {
            "value" : "111718",
            "name" : "agency_id"
         },
         {
            "value" : "MAHOU - SMIGUEL",
            "name" : "name"
         },
         {
            "value" : "30",
            "name" : "vertical_id"
         },
         {
            "value" : "6",
            "name" : "ad_server_id"
         },
         {
            "value" : "0",
            "name" : "allow_x_strat_optimization"
         },
         {
            "value" : "1",
            "name" : "status"
         },
         {
            "value" : "2015-11-27T18:02:24",
            "name" : "created_on"
         },
         {
            "value" : "2015-11-27T18:02:24",
            "name" : "updated_on"
         },
         {
            "value" : "http://www.mahou-sanmiguel.com",
            "name" : "domain"
         },
         {
            "value" : "0",
            "name" : "minimize_multi_ads"
         },
         {
            "value" : "no-limit",
            "name" : "frequency_type"
         },
         {
            "value" : "not-applicable",
            "name" : "frequency_interval"
         },
         {
            "value" : "inherits",
            "name" : "dmp_enabled"
         }
      ],
      "version" : 0,
      "name" : "MAHOU - SMIGUEL",
      "id" : 154161,
      "type" : "advertiser"
   },
   "called_on" : "2016-01-18 10:23:21.22012+00",
   "status" : {
      "code" : "ok"
   }
}

18-01-2016 15:53:26 INFO  JTerminalOne:38 - Loading Environment - setting up connection.
18-01-2016 15:53:26 INFO  JTerminalOne:88 - Authenticating.
18-01-2016 15:53:26 INFO  Connection:68 - Target URL: https://t1sandbox.mediamath.com/api/v2.0/login
18-01-2016 15:53:28 INFO  Connection:87 - String Response Status {
   "entity" : {
      "name" : "nitesh.chauhan@xoriant.com",
      "id" : 13769,
      "type" : "user"
   },
   "session" : {
      "current_time" : "2016-01-18T10:23:28",
      "sessionid" : "05be894547db767793abb458cb5f3a0514ded6bb",
      "expires" : "2016-01-19T10:23:28"
   },
   "status" : {
      "code" : "ok"
   }
}

18-01-2016 15:53:28 INFO  JTerminalOne:71 - map data====={status={code=ok}, session={expires=2016-01-19T10:23:28, current_time=2016-01-18T10:23:28, sessionid=05be894547db767793abb458cb5f3a0514ded6bb}, entity={id=13769, name=nitesh.chauhan@xoriant.com, type=user}}
18-01-2016 15:53:28 INFO  Connection:104 - Target URL: https://t1sandbox.mediamath.com/api/v2.0/advertisers/154161
18-01-2016 15:55:43 INFO  Connection:127 - String Response Status {
   "etag" : "c0d9b1bd3e7404814cb0589b59dda1a5faea1c22",
   "entity" : {
      "prop" : [
         {
            "value" : "111718",
            "name" : "agency_id"
         },
         {
            "value" : "MAHOU - SMIGUEL",
            "name" : "name"
         },
         {
            "value" : "30",
            "name" : "vertical_id"
         },
         {
            "value" : "6",
            "name" : "ad_server_id"
         },
         {
            "value" : "0",
            "name" : "allow_x_strat_optimization"
         },
         {
            "value" : "1",
            "name" : "status"
         },
         {
            "value" : "2015-11-27T18:02:24",
            "name" : "created_on"
         },
         {
            "value" : "2015-11-27T18:02:24",
            "name" : "updated_on"
         },
         {
            "value" : "http://www.mahou-sanmiguel.com",
            "name" : "domain"
         },
         {
            "value" : "0",
            "name" : "minimize_multi_ads"
         },
         {
            "value" : "no-limit",
            "name" : "frequency_type"
         },
         {
            "value" : "not-applicable",
            "name" : "frequency_interval"
         },
         {
            "value" : "inherits",
            "name" : "dmp_enabled"
         }
      ],
      "version" : 0,
      "name" : "MAHOU - SMIGUEL",
      "id" : 154161,
      "type" : "advertiser"
   },
   "called_on" : "2016-01-18 10:23:30.801129+00",
   "status" : {
      "code" : "ok"
   }
}

18-01-2016 16:24:31 INFO  JTerminalOne:38 - Loading Environment - setting up connection.
18-01-2016 16:24:31 INFO  JTerminalOne:88 - Authenticating.
18-01-2016 16:24:31 INFO  Connection:68 - Target URL: https://t1sandbox.mediamath.com/api/v2.0/login
18-01-2016 16:24:33 INFO  Connection:87 - String Response Status {
   "entity" : {
      "name" : "nitesh.chauhan@xoriant.com",
      "id" : 13769,
      "type" : "user"
   },
   "session" : {
      "current_time" : "2016-01-18T10:54:33",
      "sessionid" : "8b4d763ab8b09bc82e9e71badfe69bf4ab999669",
      "expires" : "2016-01-19T10:54:33"
   },
   "status" : {
      "code" : "ok"
   }
}

18-01-2016 16:24:33 INFO  JTerminalOne:71 - map data====={status={code=ok}, session={expires=2016-01-19T10:54:33, current_time=2016-01-18T10:54:33, sessionid=8b4d763ab8b09bc82e9e71badfe69bf4ab999669}, entity={id=13769, name=nitesh.chauhan@xoriant.com, type=user}}
18-01-2016 16:24:33 INFO  Connection:104 - Target URL: https://t1sandbox.mediamath.com/api/v2.0/advertisers/154161?with=agency
18-01-2016 16:25:36 INFO  JTerminalOne:38 - Loading Environment - setting up connection.
18-01-2016 16:25:36 INFO  JTerminalOne:88 - Authenticating.
18-01-2016 16:25:36 INFO  Connection:68 - Target URL: https://t1sandbox.mediamath.com/api/v2.0/login
18-01-2016 16:25:38 INFO  Connection:87 - String Response Status {
   "entity" : {
      "name" : "nitesh.chauhan@xoriant.com",
      "id" : 13769,
      "type" : "user"
   },
   "session" : {
      "current_time" : "2016-01-18T10:55:38",
      "sessionid" : "c797abde698f77a73163e2cacda3d73c383b0288",
      "expires" : "2016-01-19T10:55:38"
   },
   "status" : {
      "code" : "ok"
   }
}

18-01-2016 16:25:38 INFO  JTerminalOne:71 - map data====={status={code=ok}, session={expires=2016-01-19T10:55:38, current_time=2016-01-18T10:55:38, sessionid=c797abde698f77a73163e2cacda3d73c383b0288}, entity={id=13769, name=nitesh.chauhan@xoriant.com, type=user}}
18-01-2016 16:26:03 INFO  JTerminalOne:38 - Loading Environment - setting up connection.
18-01-2016 16:26:04 INFO  JTerminalOne:88 - Authenticating.
18-01-2016 16:26:04 INFO  Connection:68 - Target URL: https://t1sandbox.mediamath.com/api/v2.0/login
18-01-2016 16:26:06 INFO  Connection:87 - String Response Status {
   "entity" : {
      "name" : "nitesh.chauhan@xoriant.com",
      "id" : 13769,
      "type" : "user"
   },
   "session" : {
      "current_time" : "2016-01-18T10:56:06",
      "sessionid" : "36af9be22a770e848940f04a38b730080449980f",
      "expires" : "2016-01-19T10:56:06"
   },
   "status" : {
      "code" : "ok"
   }
}

18-01-2016 16:26:06 INFO  JTerminalOne:71 - map data====={status={code=ok}, session={expires=2016-01-19T10:56:06, current_time=2016-01-18T10:56:06, sessionid=36af9be22a770e848940f04a38b730080449980f}, entity={id=13769, name=nitesh.chauhan@xoriant.com, type=user}}
18-01-2016 16:26:06 INFO  Connection:104 - Target URL: https://t1sandbox.mediamath.com/api/v2.0/advertisers/154161?with=agency
18-01-2016 16:28:19 INFO  JTerminalOne:38 - Loading Environment - setting up connection.
18-01-2016 16:28:19 INFO  JTerminalOne:88 - Authenticating.
18-01-2016 16:28:19 INFO  Connection:69 - Target URL: https://t1sandbox.mediamath.com/api/v2.0/login
18-01-2016 16:28:22 INFO  Connection:88 - String Response Status {
   "entity" : {
      "name" : "nitesh.chauhan@xoriant.com",
      "id" : 13769,
      "type" : "user"
   },
   "session" : {
      "current_time" : "2016-01-18T10:58:22",
      "sessionid" : "ab393465df4b43bcefb4cf82b4a67a31c622e685",
      "expires" : "2016-01-19T10:58:22"
   },
   "status" : {
      "code" : "ok"
   }
}

18-01-2016 16:28:22 INFO  JTerminalOne:71 - map data====={status={code=ok}, session={expires=2016-01-19T10:58:22, current_time=2016-01-18T10:58:22, sessionid=ab393465df4b43bcefb4cf82b4a67a31c622e685}, entity={id=13769, name=nitesh.chauhan@xoriant.com, type=user}}
18-01-2016 16:28:22 INFO  Connection:105 - Target URL: https://t1sandbox.mediamath.com/api/v2.0/advertisers/154161?with=agency
18-01-2016 16:30:31 INFO  JTerminalOne:38 - Loading Environment - setting up connection.
18-01-2016 16:30:31 INFO  JTerminalOne:88 - Authenticating.
18-01-2016 16:30:32 INFO  Connection:68 - Target URL: https://t1sandbox.mediamath.com/api/v2.0/login
18-01-2016 16:30:34 INFO  Connection:87 - String Response Status {
   "entity" : {
      "name" : "nitesh.chauhan@xoriant.com",
      "id" : 13769,
      "type" : "user"
   },
   "session" : {
      "current_time" : "2016-01-18T11:00:34",
      "sessionid" : "41a6b07a4933c2fe68f8c6ca70c77a4d6e59563f",
      "expires" : "2016-01-19T11:00:34"
   },
   "status" : {
      "code" : "ok"
   }
}

18-01-2016 16:30:34 INFO  JTerminalOne:71 - map data====={status={code=ok}, session={expires=2016-01-19T11:00:34, current_time=2016-01-18T11:00:34, sessionid=41a6b07a4933c2fe68f8c6ca70c77a4d6e59563f}, entity={id=13769, name=nitesh.chauhan@xoriant.com, type=user}}
18-01-2016 16:30:34 INFO  Connection:104 - Target URL: https://t1sandbox.mediamath.com/api/v2.0/advertisers/154161?with=agency
18-01-2016 16:33:07 INFO  JTerminalOne:38 - Loading Environment - setting up connection.
18-01-2016 16:33:07 INFO  JTerminalOne:88 - Authenticating.
18-01-2016 16:33:07 INFO  Connection:68 - Target URL: https://t1sandbox.mediamath.com/api/v2.0/login
18-01-2016 16:33:09 INFO  Connection:87 - String Response Status {
   "entity" : {
      "name" : "nitesh.chauhan@xoriant.com",
      "id" : 13769,
      "type" : "user"
   },
   "session" : {
      "current_time" : "2016-01-18T11:03:09",
      "sessionid" : "33134cbed09d13b74a05862027f5d30fec624c39",
      "expires" : "2016-01-19T11:03:09"
   },
   "status" : {
      "code" : "ok"
   }
}

18-01-2016 16:33:09 INFO  JTerminalOne:71 - map data====={status={code=ok}, session={expires=2016-01-19T11:03:09, current_time=2016-01-18T11:03:09, sessionid=33134cbed09d13b74a05862027f5d30fec624c39}, entity={id=13769, name=nitesh.chauhan@xoriant.com, type=user}}
18-01-2016 16:33:09 INFO  Connection:104 - Target URL: https://t1sandbox.mediamath.com/api/v2.0/advertisers/154161?with=agency
18-01-2016 16:35:42 INFO  JTerminalOne:38 - Loading Environment - setting up connection.
18-01-2016 16:35:42 INFO  JTerminalOne:88 - Authenticating.
18-01-2016 16:35:42 INFO  Connection:68 - Target URL: https://t1sandbox.mediamath.com/api/v2.0/login
18-01-2016 16:35:45 INFO  Connection:87 - String Response Status {
   "entity" : {
      "name" : "nitesh.chauhan@xoriant.com",
      "id" : 13769,
      "type" : "user"
   },
   "session" : {
      "current_time" : "2016-01-18T11:05:45",
      "sessionid" : "d7e4a98f2c65feae371920aed28ccd389225c627",
      "expires" : "2016-01-19T11:05:45"
   },
   "status" : {
      "code" : "ok"
   }
}

18-01-2016 16:35:45 INFO  JTerminalOne:71 - map data====={status={code=ok}, session={expires=2016-01-19T11:05:45, current_time=2016-01-18T11:05:45, sessionid=d7e4a98f2c65feae371920aed28ccd389225c627}, entity={id=13769, name=nitesh.chauhan@xoriant.com, type=user}}
18-01-2016 16:35:45 INFO  Connection:104 - Target URL: https://t1sandbox.mediamath.com/api/v2.0/advertisers/154161?with=agency
18-01-2016 16:44:05 INFO  JTerminalOne:38 - Loading Environment - setting up connection.
18-01-2016 16:44:05 INFO  JTerminalOne:88 - Authenticating.
18-01-2016 16:44:05 INFO  Connection:70 - Target URL: https://t1sandbox.mediamath.com/api/v2.0/login
18-01-2016 16:44:07 INFO  Connection:89 - String Response Status {
   "entity" : {
      "name" : "nitesh.chauhan@xoriant.com",
      "id" : 13769,
      "type" : "user"
   },
   "session" : {
      "current_time" : "2016-01-18T11:14:07",
      "sessionid" : "e66542a18e904ae3bce0317859359c9c0b938f61",
      "expires" : "2016-01-19T11:14:07"
   },
   "status" : {
      "code" : "ok"
   }
}

18-01-2016 16:44:07 INFO  JTerminalOne:71 - map data====={status={code=ok}, session={expires=2016-01-19T11:14:07, current_time=2016-01-18T11:14:07, sessionid=e66542a18e904ae3bce0317859359c9c0b938f61}, entity={id=13769, name=nitesh.chauhan@xoriant.com, type=user}}
18-01-2016 16:44:07 INFO  Connection:106 - Target URL: https://t1sandbox.mediamath.com/api/v2.0/advertisers/154161?with=agency
18-01-2016 16:44:37 INFO  Connection:131 - String Response Status {
   "etag" : "e8cfa191e1fa6f18e8b95ea6d3a3e14a9a07fb03",
   "entity" : {
      "prop" : [
         {
            "value" : "111718",
            "name" : "agency_id"
         },
         {
            "value" : "MAHOU - SMIGUEL",
            "name" : "name"
         },
         {
            "value" : "30",
            "name" : "vertical_id"
         },
         {
            "value" : "6",
            "name" : "ad_server_id"
         },
         {
            "value" : "0",
            "name" : "allow_x_strat_optimization"
         },
         {
            "value" : "1",
            "name" : "status"
         },
         {
            "value" : "2015-11-27T18:02:24",
            "name" : "created_on"
         },
         {
            "value" : "2015-11-27T18:02:24",
            "name" : "updated_on"
         },
         {
            "value" : "http://www.mahou-sanmiguel.com",
            "name" : "domain"
         },
         {
            "value" : "0",
            "name" : "minimize_multi_ads"
         },
         {
            "value" : "no-limit",
            "name" : "frequency_type"
         },
         {
            "value" : "not-applicable",
            "name" : "frequency_interval"
         },
         {
            "value" : "inherits",
            "name" : "dmp_enabled"
         }
      ],
      "entity" : [
         {
            "prop" : [
               {
                  "value" : "100048",
                  "name" : "organization_id"
               },
               {
                  "value" : "OLO 111718",
                  "name" : "name"
               },
               {
                  "value" : "2015-11-27T18:00:25",
                  "name" : "created_on"
               },
               {
                  "value" : "2015-11-27T18:00:25",
                  "name" : "updated_on"
               },
               {
                  "value" : "1",
                  "name" : "status"
               },
               {
                  "value" : "http://t1.mediamath.com/app/",
                  "name" : "logo"
               },
               {
                  "value" : "1",
                  "name" : "allow_x_adv_pixels"
               },
               {
                  "value" : "0",
                  "name" : "allow_x_adv_optimization"
               },
               {
                  "value" : "inherits",
                  "name" : "dmp_enabled"
               }
            ],
            "rel" : "agency",
            "version" : 0,
            "name" : "OLO 111718",
            "id" : 111718,
            "type" : "agency"
         }
      ],
      "version" : 0,
      "name" : "MAHOU - SMIGUEL",
      "id" : 154161,
      "type" : "advertiser"
   },
   "called_on" : "2016-01-18 11:14:09.97679+00",
   "status" : {
      "code" : "ok"
   }
}

18-01-2016 16:45:00 INFO  JTerminalOne:38 - Loading Environment - setting up connection.
18-01-2016 16:45:00 INFO  JTerminalOne:88 - Authenticating.
18-01-2016 16:45:00 INFO  Connection:70 - Target URL: https://t1sandbox.mediamath.com/api/v2.0/login
18-01-2016 16:45:02 INFO  Connection:89 - String Response Status {
   "entity" : {
      "name" : "nitesh.chauhan@xoriant.com",
      "id" : 13769,
      "type" : "user"
   },
   "session" : {
      "current_time" : "2016-01-18T11:15:02",
      "sessionid" : "97d82105c571065b9dbf6ff0864a550821ded96f",
      "expires" : "2016-01-19T11:15:02"
   },
   "status" : {
      "code" : "ok"
   }
}

18-01-2016 16:45:02 INFO  JTerminalOne:71 - map data====={status={code=ok}, session={expires=2016-01-19T11:15:02, current_time=2016-01-18T11:15:02, sessionid=97d82105c571065b9dbf6ff0864a550821ded96f}, entity={id=13769, name=nitesh.chauhan@xoriant.com, type=user}}
18-01-2016 16:45:02 INFO  Connection:106 - Target URL: https://t1sandbox.mediamath.com/api/v2.0/advertisers/154161?with=agency
18-01-2016 16:46:14 INFO  JTerminalOne:38 - Loading Environment - setting up connection.
18-01-2016 16:46:14 INFO  JTerminalOne:88 - Authenticating.
18-01-2016 16:46:14 INFO  Connection:70 - Target URL: https://t1sandbox.mediamath.com/api/v2.0/login
18-01-2016 16:46:16 INFO  Connection:89 - String Response Status {
   "entity" : {
      "name" : "nitesh.chauhan@xoriant.com",
      "id" : 13769,
      "type" : "user"
   },
   "session" : {
      "current_time" : "2016-01-18T11:16:16",
      "sessionid" : "4ea0ffb9783cc1c1540ca01c8b8b7092c49b5a4d",
      "expires" : "2016-01-19T11:16:16"
   },
   "status" : {
      "code" : "ok"
   }
}

18-01-2016 16:46:16 INFO  JTerminalOne:71 - map data====={status={code=ok}, session={expires=2016-01-19T11:16:16, current_time=2016-01-18T11:16:16, sessionid=4ea0ffb9783cc1c1540ca01c8b8b7092c49b5a4d}, entity={id=13769, name=nitesh.chauhan@xoriant.com, type=user}}
18-01-2016 16:46:16 INFO  Connection:106 - Target URL: https://t1sandbox.mediamath.com/api/v2.0/advertisers/154161?with=agency
18-01-2016 16:46:41 INFO  Connection:131 - String Response Status {
   "etag" : "e8cfa191e1fa6f18e8b95ea6d3a3e14a9a07fb03",
   "entity" : {
      "prop" : [
         {
            "value" : "111718",
            "name" : "agency_id"
         },
         {
            "value" : "MAHOU - SMIGUEL",
            "name" : "name"
         },
         {
            "value" : "30",
            "name" : "vertical_id"
         },
         {
            "value" : "6",
            "name" : "ad_server_id"
         },
         {
            "value" : "0",
            "name" : "allow_x_strat_optimization"
         },
         {
            "value" : "1",
            "name" : "status"
         },
         {
            "value" : "2015-11-27T18:02:24",
            "name" : "created_on"
         },
         {
            "value" : "2015-11-27T18:02:24",
            "name" : "updated_on"
         },
         {
            "value" : "http://www.mahou-sanmiguel.com",
            "name" : "domain"
         },
         {
            "value" : "0",
            "name" : "minimize_multi_ads"
         },
         {
            "value" : "no-limit",
            "name" : "frequency_type"
         },
         {
            "value" : "not-applicable",
            "name" : "frequency_interval"
         },
         {
            "value" : "inherits",
            "name" : "dmp_enabled"
         }
      ],
      "entity" : [
         {
            "prop" : [
               {
                  "value" : "100048",
                  "name" : "organization_id"
               },
               {
                  "value" : "OLO 111718",
                  "name" : "name"
               },
               {
                  "value" : "2015-11-27T18:00:25",
                  "name" : "created_on"
               },
               {
                  "value" : "2015-11-27T18:00:25",
                  "name" : "updated_on"
               },
               {
                  "value" : "1",
                  "name" : "status"
               },
               {
                  "value" : "http://t1.mediamath.com/app/",
                  "name" : "logo"
               },
               {
                  "value" : "1",
                  "name" : "allow_x_adv_pixels"
               },
               {
                  "value" : "0",
                  "name" : "allow_x_adv_optimization"
               },
               {
                  "value" : "inherits",
                  "name" : "dmp_enabled"
               }
            ],
            "rel" : "agency",
            "version" : 0,
            "name" : "OLO 111718",
            "id" : 111718,
            "type" : "agency"
         }
      ],
      "version" : 0,
      "name" : "MAHOU - SMIGUEL",
      "id" : 154161,
      "type" : "advertiser"
   },
   "called_on" : "2016-01-18 11:16:19.454005+00",
   "status" : {
      "code" : "ok"
   }
}

18-01-2016 16:49:15 INFO  JTerminalOne:38 - Loading Environment - setting up connection.
18-01-2016 16:49:15 INFO  JTerminalOne:88 - Authenticating.
18-01-2016 16:49:15 INFO  Connection:70 - Target URL: https://t1sandbox.mediamath.com/api/v2.0/login
18-01-2016 16:49:19 INFO  Connection:89 - String Response Status {
   "entity" : {
      "name" : "nitesh.chauhan@xoriant.com",
      "id" : 13769,
      "type" : "user"
   },
   "session" : {
      "current_time" : "2016-01-18T11:19:18",
      "sessionid" : "4f6a43192a999f16326d66de9d4b24d2474d0263",
      "expires" : "2016-01-19T11:19:18"
   },
   "status" : {
      "code" : "ok"
   }
}

18-01-2016 16:49:19 INFO  JTerminalOne:71 - map data====={status={code=ok}, session={expires=2016-01-19T11:19:18, current_time=2016-01-18T11:19:18, sessionid=4f6a43192a999f16326d66de9d4b24d2474d0263}, entity={id=13769, name=nitesh.chauhan@xoriant.com, type=user}}
18-01-2016 16:49:19 INFO  Connection:106 - Target URL: https://t1sandbox.mediamath.com/api/v2.0/advertisers/154161?with=agency
18-01-2016 16:50:30 INFO  Connection:131 - String Response Status {
   "etag" : "e8cfa191e1fa6f18e8b95ea6d3a3e14a9a07fb03",
   "entity" : {
      "prop" : [
         {
            "value" : "111718",
            "name" : "agency_id"
         },
         {
            "value" : "MAHOU - SMIGUEL",
            "name" : "name"
         },
         {
            "value" : "30",
            "name" : "vertical_id"
         },
         {
            "value" : "6",
            "name" : "ad_server_id"
         },
         {
            "value" : "0",
            "name" : "allow_x_strat_optimization"
         },
         {
            "value" : "1",
            "name" : "status"
         },
         {
            "value" : "2015-11-27T18:02:24",
            "name" : "created_on"
         },
         {
            "value" : "2015-11-27T18:02:24",
            "name" : "updated_on"
         },
         {
            "value" : "http://www.mahou-sanmiguel.com",
            "name" : "domain"
         },
         {
            "value" : "0",
            "name" : "minimize_multi_ads"
         },
         {
            "value" : "no-limit",
            "name" : "frequency_type"
         },
         {
            "value" : "not-applicable",
            "name" : "frequency_interval"
         },
         {
            "value" : "inherits",
            "name" : "dmp_enabled"
         }
      ],
      "entity" : [
         {
            "prop" : [
               {
                  "value" : "100048",
                  "name" : "organization_id"
               },
               {
                  "value" : "OLO 111718",
                  "name" : "name"
               },
               {
                  "value" : "2015-11-27T18:00:25",
                  "name" : "created_on"
               },
               {
                  "value" : "2015-11-27T18:00:25",
                  "name" : "updated_on"
               },
               {
                  "value" : "1",
                  "name" : "status"
               },
               {
                  "value" : "http://t1.mediamath.com/app/",
                  "name" : "logo"
               },
               {
                  "value" : "1",
                  "name" : "allow_x_adv_pixels"
               },
               {
                  "value" : "0",
                  "name" : "allow_x_adv_optimization"
               },
               {
                  "value" : "inherits",
                  "name" : "dmp_enabled"
               }
            ],
            "rel" : "agency",
            "version" : 0,
            "name" : "OLO 111718",
            "id" : 111718,
            "type" : "agency"
         }
      ],
      "version" : 0,
      "name" : "MAHOU - SMIGUEL",
      "id" : 154161,
      "type" : "advertiser"
   },
   "called_on" : "2016-01-18 11:19:22.427283+00",
   "status" : {
      "code" : "ok"
   }
}

18-01-2016 16:51:21 INFO  JTerminalOne:38 - Loading Environment - setting up connection.
18-01-2016 16:51:21 INFO  JTerminalOne:88 - Authenticating.
18-01-2016 16:51:21 INFO  Connection:70 - Target URL: https://t1sandbox.mediamath.com/api/v2.0/login
18-01-2016 16:51:24 INFO  Connection:89 - String Response Status {
   "entity" : {
      "name" : "nitesh.chauhan@xoriant.com",
      "id" : 13769,
      "type" : "user"
   },
   "session" : {
      "current_time" : "2016-01-18T11:21:24",
      "sessionid" : "5870d169af53be5078c5ac47befa17566adc570f",
      "expires" : "2016-01-19T11:21:24"
   },
   "status" : {
      "code" : "ok"
   }
}

18-01-2016 16:51:24 INFO  JTerminalOne:71 - map data====={status={code=ok}, session={expires=2016-01-19T11:21:24, current_time=2016-01-18T11:21:24, sessionid=5870d169af53be5078c5ac47befa17566adc570f}, entity={id=13769, name=nitesh.chauhan@xoriant.com, type=user}}
18-01-2016 16:51:24 INFO  Connection:106 - Target URL: https://t1sandbox.mediamath.com/api/v2.0/advertisers/154161?with=agency
18-01-2016 16:51:36 INFO  Connection:133 - String Response Status {
   "etag" : "e8cfa191e1fa6f18e8b95ea6d3a3e14a9a07fb03",
   "entity" : {
      "prop" : [
         {
            "value" : "111718",
            "name" : "agency_id"
         },
         {
            "value" : "MAHOU - SMIGUEL",
            "name" : "name"
         },
         {
            "value" : "30",
            "name" : "vertical_id"
         },
         {
            "value" : "6",
            "name" : "ad_server_id"
         },
         {
            "value" : "0",
            "name" : "allow_x_strat_optimization"
         },
         {
            "value" : "1",
            "name" : "status"
         },
         {
            "value" : "2015-11-27T18:02:24",
            "name" : "created_on"
         },
         {
            "value" : "2015-11-27T18:02:24",
            "name" : "updated_on"
         },
         {
            "value" : "http://www.mahou-sanmiguel.com",
            "name" : "domain"
         },
         {
            "value" : "0",
            "name" : "minimize_multi_ads"
         },
         {
            "value" : "no-limit",
            "name" : "frequency_type"
         },
         {
            "value" : "not-applicable",
            "name" : "frequency_interval"
         },
         {
            "value" : "inherits",
            "name" : "dmp_enabled"
         }
      ],
      "entity" : [
         {
            "prop" : [
               {
                  "value" : "100048",
                  "name" : "organization_id"
               },
               {
                  "value" : "OLO 111718",
                  "name" : "name"
               },
               {
                  "value" : "2015-11-27T18:00:25",
                  "name" : "created_on"
               },
               {
                  "value" : "2015-11-27T18:00:25",
                  "name" : "updated_on"
               },
               {
                  "value" : "1",
                  "name" : "status"
               },
               {
                  "value" : "http://t1.mediamath.com/app/",
                  "name" : "logo"
               },
               {
                  "value" : "1",
                  "name" : "allow_x_adv_pixels"
               },
               {
                  "value" : "0",
                  "name" : "allow_x_adv_optimization"
               },
               {
                  "value" : "inherits",
                  "name" : "dmp_enabled"
               }
            ],
            "rel" : "agency",
            "version" : 0,
            "name" : "OLO 111718",
            "id" : 111718,
            "type" : "agency"
         }
      ],
      "version" : 0,
      "name" : "MAHOU - SMIGUEL",
      "id" : 154161,
      "type" : "advertiser"
   },
   "called_on" : "2016-01-18 11:21:27.145584+00",
   "status" : {
      "code" : "ok"
   }
}

18-01-2016 16:53:30 INFO  JTerminalOne:38 - Loading Environment - setting up connection.
18-01-2016 16:53:30 INFO  JTerminalOne:88 - Authenticating.
18-01-2016 16:53:30 INFO  Connection:70 - Target URL: https://t1sandbox.mediamath.com/api/v2.0/login
18-01-2016 16:53:32 INFO  Connection:89 - String Response Status {
   "entity" : {
      "name" : "nitesh.chauhan@xoriant.com",
      "id" : 13769,
      "type" : "user"
   },
   "session" : {
      "current_time" : "2016-01-18T11:23:32",
      "sessionid" : "877fb5b48392dc99e2a3c76c8ba9719e4930867f",
      "expires" : "2016-01-19T11:23:32"
   },
   "status" : {
      "code" : "ok"
   }
}

18-01-2016 16:53:32 INFO  JTerminalOne:71 - map data====={status={code=ok}, session={expires=2016-01-19T11:23:32, current_time=2016-01-18T11:23:32, sessionid=877fb5b48392dc99e2a3c76c8ba9719e4930867f}, entity={id=13769, name=nitesh.chauhan@xoriant.com, type=user}}
18-01-2016 16:53:32 INFO  Connection:106 - Target URL: https://t1sandbox.mediamath.com/api/v2.0/advertisers/154161?with=agency
18-01-2016 16:54:29 INFO  Connection:132 - String Response Status {
   "data" : {
      "minimize_multi_ads" : false,
      "frequency_type" : "no-limit",
      "status" : true,
      "dmp_enabled" : "inherits",
      "agency_id" : 111718,
      "frequency_interval" : "not-applicable",
      "updated_on" : "2015-11-27T18:02:24+0000",
      "domain" : "http://www.mahou-sanmiguel.com",
      "created_on" : "2015-11-27T18:02:24+0000",
      "entity_type" : "advertiser",
      "agency" : [
         {
            "organization_id" : 100048,
            "rel" : "agency",
            "status" : true,
            "version" : 0,
            "dmp_enabled" : "inherits",
            "name" : "OLO 111718",
            "allow_x_adv_pixels" : true,
            "updated_on" : "2015-11-27T18:00:25+0000",
            "logo" : "http://t1.mediamath.com/app/",
            "created_on" : "2015-11-27T18:00:25+0000",
            "entity_type" : "agency",
            "id" : 111718,
            "allow_x_adv_optimization" : false
         }
      ],
      "id" : 154161,
      "version" : 0,
      "name" : "MAHOU - SMIGUEL",
      "ad_server_id" : 6,
      "allow_x_strat_optimization" : false,
      "vertical_id" : 30
   },
   "meta" : {
      "etag" : "04b1b4f663e157a384f434f20fc091cf6ddfa397",
      "called_on" : "2016-01-18T11:23:35+0000",
      "status" : "ok"
   }
}

18-01-2016 16:54:32 INFO  JTerminalOne:38 - Loading Environment - setting up connection.
18-01-2016 16:54:32 INFO  JTerminalOne:88 - Authenticating.
18-01-2016 16:54:33 INFO  Connection:70 - Target URL: https://t1sandbox.mediamath.com/api/v2.0/login
18-01-2016 16:54:35 INFO  Connection:89 - String Response Status {
   "entity" : {
      "name" : "nitesh.chauhan@xoriant.com",
      "id" : 13769,
      "type" : "user"
   },
   "session" : {
      "current_time" : "2016-01-18T11:24:35",
      "sessionid" : "c93c84b939767b8249980c5a12275204aee1e078",
      "expires" : "2016-01-19T11:24:35"
   },
   "status" : {
      "code" : "ok"
   }
}

18-01-2016 16:54:35 INFO  JTerminalOne:71 - map data====={status={code=ok}, session={expires=2016-01-19T11:24:35, current_time=2016-01-18T11:24:35, sessionid=c93c84b939767b8249980c5a12275204aee1e078}, entity={id=13769, name=nitesh.chauhan@xoriant.com, type=user}}
18-01-2016 16:54:35 INFO  Connection:106 - Target URL: https://t1sandbox.mediamath.com/api/v2.0/advertisers/154161?with=agency
18-01-2016 16:55:03 INFO  JTerminalOne:38 - Loading Environment - setting up connection.
18-01-2016 16:55:03 INFO  JTerminalOne:88 - Authenticating.
18-01-2016 16:55:03 INFO  Connection:70 - Target URL: https://t1sandbox.mediamath.com/api/v2.0/login
18-01-2016 16:55:05 INFO  Connection:89 - String Response Status {
   "entity" : {
      "name" : "nitesh.chauhan@xoriant.com",
      "id" : 13769,
      "type" : "user"
   },
   "session" : {
      "current_time" : "2016-01-18T11:25:05",
      "sessionid" : "eaf295c3f95b2b5d5041f7de9fbcd98cbe18ac5d",
      "expires" : "2016-01-19T11:25:05"
   },
   "status" : {
      "code" : "ok"
   }
}

18-01-2016 16:55:05 INFO  JTerminalOne:71 - map data====={status={code=ok}, session={expires=2016-01-19T11:25:05, current_time=2016-01-18T11:25:05, sessionid=eaf295c3f95b2b5d5041f7de9fbcd98cbe18ac5d}, entity={id=13769, name=nitesh.chauhan@xoriant.com, type=user}}
18-01-2016 16:55:05 INFO  Connection:106 - Target URL: https://t1sandbox.mediamath.com/api/v2.0/advertisers/154161?with=agency
18-01-2016 16:57:01 INFO  JTerminalOne:38 - Loading Environment - setting up connection.
18-01-2016 16:57:01 INFO  JTerminalOne:88 - Authenticating.
18-01-2016 16:57:01 INFO  Connection:70 - Target URL: https://t1sandbox.mediamath.com/api/v2.0/login
18-01-2016 16:57:04 INFO  Connection:89 - String Response Status {
   "entity" : {
      "name" : "nitesh.chauhan@xoriant.com",
      "id" : 13769,
      "type" : "user"
   },
   "session" : {
      "current_time" : "2016-01-18T11:27:04",
      "sessionid" : "5546eb06c9ea4001be8c6d696288f64c0db512df",
      "expires" : "2016-01-19T11:27:04"
   },
   "status" : {
      "code" : "ok"
   }
}

18-01-2016 16:57:04 INFO  JTerminalOne:71 - map data====={status={code=ok}, session={expires=2016-01-19T11:27:04, current_time=2016-01-18T11:27:04, sessionid=5546eb06c9ea4001be8c6d696288f64c0db512df}, entity={id=13769, name=nitesh.chauhan@xoriant.com, type=user}}
18-01-2016 16:57:04 INFO  Connection:106 - Target URL: https://t1sandbox.mediamath.com/api/v2.0/advertisers/154161?with=agency
18-01-2016 16:58:40 INFO  Connection:132 - String Response Status {
   "data" : {
      "minimize_multi_ads" : false,
      "frequency_type" : "no-limit",
      "status" : true,
      "dmp_enabled" : "inherits",
      "agency_id" : 111718,
      "frequency_interval" : "not-applicable",
      "updated_on" : "2015-11-27T18:02:24+0000",
      "domain" : "http://www.mahou-sanmiguel.com",
      "created_on" : "2015-11-27T18:02:24+0000",
      "entity_type" : "advertiser",
      "agency" : [
         {
            "organization_id" : 100048,
            "rel" : "agency",
            "status" : true,
            "version" : 0,
            "dmp_enabled" : "inherits",
            "name" : "OLO 111718",
            "allow_x_adv_pixels" : true,
            "updated_on" : "2015-11-27T18:00:25+0000",
            "logo" : "http://t1.mediamath.com/app/",
            "created_on" : "2015-11-27T18:00:25+0000",
            "entity_type" : "agency",
            "id" : 111718,
            "allow_x_adv_optimization" : false
         }
      ],
      "id" : 154161,
      "version" : 0,
      "name" : "MAHOU - SMIGUEL",
      "ad_server_id" : 6,
      "allow_x_strat_optimization" : false,
      "vertical_id" : 30
   },
   "meta" : {
      "etag" : "04b1b4f663e157a384f434f20fc091cf6ddfa397",
      "called_on" : "2016-01-18T11:25:08+0000",
      "status" : "ok"
   }
}

18-01-2016 17:23:13 INFO  JTerminalOne:38 - Loading Environment - setting up connection.
18-01-2016 17:23:13 INFO  JTerminalOne:88 - Authenticating.
18-01-2016 17:23:13 INFO  Connection:70 - Target URL: https://t1sandbox.mediamath.com/api/v2.0/login
18-01-2016 17:23:15 INFO  Connection:106 - Target URL: https://t1sandbox.mediamath.com/api/v2.0/advertisers/154161?with=agency
18-01-2016 17:23:16 INFO  Connection:89 - String Response Status {
   "entity" : {
      "name" : "nitesh.chauhan@xoriant.com",
      "id" : 13769,
      "type" : "user"
   },
   "session" : {
      "current_time" : "2016-01-18T11:53:16",
      "sessionid" : "423e8c8b1a2c6a96ed148b9dc8df80135189505e",
      "expires" : "2016-01-19T11:53:16"
   },
   "status" : {
      "code" : "ok"
   }
}

18-01-2016 17:23:16 INFO  JTerminalOne:71 - map data====={status={code=ok}, session={expires=2016-01-19T11:53:16, current_time=2016-01-18T11:53:16, sessionid=423e8c8b1a2c6a96ed148b9dc8df80135189505e}, entity={id=13769, name=nitesh.chauhan@xoriant.com, type=user}}
18-01-2016 17:23:16 INFO  Connection:106 - Target URL: https://t1sandbox.mediamath.com/api/v2.0/advertisers/154161?with=agency
18-01-2016 17:26:12 INFO  JTerminalOne:38 - Loading Environment - setting up connection.
18-01-2016 17:26:12 INFO  JTerminalOne:88 - Authenticating.
18-01-2016 17:26:12 INFO  Connection:70 - Target URL: https://t1sandbox.mediamath.com/api/v2.0/login
18-01-2016 17:26:14 INFO  Connection:89 - String Response Status {
   "entity" : {
      "name" : "nitesh.chauhan@xoriant.com",
      "id" : 13769,
      "type" : "user"
   },
   "session" : {
      "current_time" : "2016-01-18T11:56:14",
      "sessionid" : "79f17b6db76a5dea765844e6abed1c99939abb98",
      "expires" : "2016-01-19T11:56:14"
   },
   "status" : {
      "code" : "ok"
   }
}

18-01-2016 17:26:14 INFO  JTerminalOne:71 - map data====={status={code=ok}, session={expires=2016-01-19T11:56:14, current_time=2016-01-18T11:56:14, sessionid=79f17b6db76a5dea765844e6abed1c99939abb98}, entity={id=13769, name=nitesh.chauhan@xoriant.com, type=user}}
18-01-2016 17:26:14 INFO  Connection:106 - Target URL: https://t1sandbox.mediamath.com/api/v2.0/advertisers/154161?with=agency
18-01-2016 17:26:54 INFO  Connection:134 - String Response Status {
   "data" : {
      "minimize_multi_ads" : false,
      "frequency_type" : "no-limit",
      "status" : true,
      "dmp_enabled" : "inherits",
      "agency_id" : 111718,
      "frequency_interval" : "not-applicable",
      "updated_on" : "2015-11-27T18:02:24+0000",
      "domain" : "http://www.mahou-sanmiguel.com",
      "created_on" : "2015-11-27T18:02:24+0000",
      "entity_type" : "advertiser",
      "agency" : [
         {
            "organization_id" : 100048,
            "rel" : "agency",
            "status" : true,
            "version" : 0,
            "dmp_enabled" : "inherits",
            "name" : "OLO 111718",
            "allow_x_adv_pixels" : true,
            "updated_on" : "2015-11-27T18:00:25+0000",
            "logo" : "http://t1.mediamath.com/app/",
            "created_on" : "2015-11-27T18:00:25+0000",
            "entity_type" : "agency",
            "id" : 111718,
            "allow_x_adv_optimization" : false
         }
      ],
      "id" : 154161,
      "version" : 0,
      "name" : "MAHOU - SMIGUEL",
      "ad_server_id" : 6,
      "allow_x_strat_optimization" : false,
      "vertical_id" : 30
   },
   "meta" : {
      "etag" : "04b1b4f663e157a384f434f20fc091cf6ddfa397",
      "called_on" : "2016-01-18T11:56:17+0000",
      "status" : "ok"
   }
}

18-01-2016 17:27:33 INFO  JTerminalOne:38 - Loading Environment - setting up connection.
18-01-2016 17:27:33 INFO  JTerminalOne:88 - Authenticating.
18-01-2016 17:27:33 INFO  Connection:70 - Target URL: https://t1sandbox.mediamath.com/api/v2.0/login
18-01-2016 17:27:35 INFO  Connection:89 - String Response Status {
   "entity" : {
      "name" : "nitesh.chauhan@xoriant.com",
      "id" : 13769,
      "type" : "user"
   },
   "session" : {
      "current_time" : "2016-01-18T11:57:35",
      "sessionid" : "1916672622ed9b2570679d016d77725f1495b166",
      "expires" : "2016-01-19T11:57:35"
   },
   "status" : {
      "code" : "ok"
   }
}

18-01-2016 17:27:35 INFO  JTerminalOne:71 - map data====={status={code=ok}, session={expires=2016-01-19T11:57:35, current_time=2016-01-18T11:57:35, sessionid=1916672622ed9b2570679d016d77725f1495b166}, entity={id=13769, name=nitesh.chauhan@xoriant.com, type=user}}
18-01-2016 17:27:35 INFO  Connection:106 - Target URL: https://t1sandbox.mediamath.com/api/v2.0/advertisers/154161?with=agency
18-01-2016 17:27:36 INFO  Connection:106 - Target URL: https://t1sandbox.mediamath.com/api/v2.0/advertisers/154161?with=agency
18-01-2016 17:29:25 INFO  JTerminalOne:38 - Loading Environment - setting up connection.
18-01-2016 17:29:25 INFO  JTerminalOne:88 - Authenticating.
18-01-2016 17:29:25 INFO  Connection:70 - Target URL: https://t1sandbox.mediamath.com/api/v2.0/login
18-01-2016 17:29:28 INFO  Connection:89 - String Response Status {
   "entity" : {
      "name" : "nitesh.chauhan@xoriant.com",
      "id" : 13769,
      "type" : "user"
   },
   "session" : {
      "current_time" : "2016-01-18T11:59:28",
      "sessionid" : "b96176ce47818cae9f12c66c4b1abd3e1023973c",
      "expires" : "2016-01-19T11:59:28"
   },
   "status" : {
      "code" : "ok"
   }
}

18-01-2016 17:29:28 INFO  JTerminalOne:71 - map data====={status={code=ok}, session={expires=2016-01-19T11:59:28, current_time=2016-01-18T11:59:28, sessionid=b96176ce47818cae9f12c66c4b1abd3e1023973c}, entity={id=13769, name=nitesh.chauhan@xoriant.com, type=user}}
18-01-2016 17:29:28 INFO  Connection:106 - Target URL: https://t1sandbox.mediamath.com/api/v2.0/advertisers/154161?with=agency
18-01-2016 17:31:01 INFO  JTerminalOne:38 - Loading Environment - setting up connection.
18-01-2016 17:31:01 INFO  JTerminalOne:88 - Authenticating.
18-01-2016 17:31:02 INFO  Connection:70 - Target URL: https://t1sandbox.mediamath.com/api/v2.0/login
18-01-2016 17:31:03 INFO  Connection:106 - Target URL: https://t1sandbox.mediamath.com/api/v2.0/advertisers/154161?with=agency
18-01-2016 17:31:04 INFO  Connection:89 - String Response Status {
   "entity" : {
      "name" : "nitesh.chauhan@xoriant.com",
      "id" : 13769,
      "type" : "user"
   },
   "session" : {
      "current_time" : "2016-01-18T12:01:04",
      "sessionid" : "190c940ed295c8ee1b5edb488ad937e45eb31dd0",
      "expires" : "2016-01-19T12:01:04"
   },
   "status" : {
      "code" : "ok"
   }
}

18-01-2016 17:31:04 INFO  JTerminalOne:71 - map data====={status={code=ok}, session={expires=2016-01-19T12:01:04, current_time=2016-01-18T12:01:04, sessionid=190c940ed295c8ee1b5edb488ad937e45eb31dd0}, entity={id=13769, name=nitesh.chauhan@xoriant.com, type=user}}
18-01-2016 17:31:04 INFO  Connection:106 - Target URL: https://t1sandbox.mediamath.com/api/v2.0/advertisers/154161?with=agency
18-01-2016 17:31:21 INFO  JTerminalOne:38 - Loading Environment - setting up connection.
18-01-2016 17:31:21 INFO  JTerminalOne:88 - Authenticating.
18-01-2016 17:31:21 INFO  Connection:70 - Target URL: https://t1sandbox.mediamath.com/api/v2.0/login
18-01-2016 17:31:22 INFO  Connection:106 - Target URL: https://t1sandbox.mediamath.com/api/v2.0/advertisers/154161?with=agency
18-01-2016 17:31:23 INFO  Connection:89 - String Response Status {
   "entity" : {
      "name" : "nitesh.chauhan@xoriant.com",
      "id" : 13769,
      "type" : "user"
   },
   "session" : {
      "current_time" : "2016-01-18T12:01:23",
      "sessionid" : "7ab6af6eae294427c3e9915d620e391b6ffdbd2f",
      "expires" : "2016-01-19T12:01:23"
   },
   "status" : {
      "code" : "ok"
   }
}

18-01-2016 17:31:23 INFO  JTerminalOne:71 - map data====={status={code=ok}, session={expires=2016-01-19T12:01:23, current_time=2016-01-18T12:01:23, sessionid=7ab6af6eae294427c3e9915d620e391b6ffdbd2f}, entity={id=13769, name=nitesh.chauhan@xoriant.com, type=user}}
18-01-2016 17:31:23 INFO  Connection:106 - Target URL: https://t1sandbox.mediamath.com/api/v2.0/advertisers/154161?with=agency
18-01-2016 17:33:58 INFO  JTerminalOne:38 - Loading Environment - setting up connection.
18-01-2016 17:33:58 INFO  JTerminalOne:88 - Authenticating.
18-01-2016 17:33:58 INFO  Connection:70 - Target URL: https://t1sandbox.mediamath.com/api/v2.0/login
18-01-2016 17:33:59 INFO  Connection:106 - Target URL: https://t1sandbox.mediamath.com/api/v2.0/advertisers/154161?with=agency
18-01-2016 17:34:01 INFO  Connection:89 - String Response Status {
   "entity" : {
      "name" : "nitesh.chauhan@xoriant.com",
      "id" : 13769,
      "type" : "user"
   },
   "session" : {
      "current_time" : "2016-01-18T12:04:01",
      "sessionid" : "0ab8e824ef4d30b3b56994e3d33444bc8e585034",
      "expires" : "2016-01-19T12:04:01"
   },
   "status" : {
      "code" : "ok"
   }
}

18-01-2016 17:34:01 INFO  JTerminalOne:71 - map data====={status={code=ok}, session={expires=2016-01-19T12:04:01, current_time=2016-01-18T12:04:01, sessionid=0ab8e824ef4d30b3b56994e3d33444bc8e585034}, entity={id=13769, name=nitesh.chauhan@xoriant.com, type=user}}
18-01-2016 17:34:01 INFO  Connection:106 - Target URL: https://t1sandbox.mediamath.com/api/v2.0/advertisers/154161?with=agency
18-01-2016 17:34:30 INFO  JTerminalOne:38 - Loading Environment - setting up connection.
18-01-2016 17:34:30 INFO  JTerminalOne:88 - Authenticating.
18-01-2016 17:34:30 INFO  Connection:70 - Target URL: https://t1sandbox.mediamath.com/api/v2.0/login
18-01-2016 17:34:31 INFO  Connection:106 - Target URL: https://t1sandbox.mediamath.com/api/v2.0/advertisers/154161?with=agency
18-01-2016 17:34:32 INFO  Connection:89 - String Response Status {
   "entity" : {
      "name" : "nitesh.chauhan@xoriant.com",
      "id" : 13769,
      "type" : "user"
   },
   "session" : {
      "current_time" : "2016-01-18T12:04:32",
      "sessionid" : "c1a88f3640d3fc6d8bbff8314ef7fb9c09bbee97",
      "expires" : "2016-01-19T12:04:32"
   },
   "status" : {
      "code" : "ok"
   }
}

18-01-2016 17:34:32 INFO  JTerminalOne:71 - map data====={status={code=ok}, session={expires=2016-01-19T12:04:32, current_time=2016-01-18T12:04:32, sessionid=c1a88f3640d3fc6d8bbff8314ef7fb9c09bbee97}, entity={id=13769, name=nitesh.chauhan@xoriant.com, type=user}}
18-01-2016 17:34:32 INFO  Connection:106 - Target URL: https://t1sandbox.mediamath.com/api/v2.0/advertisers/154161?with=agency
